<?xml version="1.0" encoding="UTF-8"?>
<testsuite name="com.example.user.mapper.UserDaoTest" tests="1" skipped="0" failures="0" errors="0" timestamp="2022-11-07T14:05:28" hostname="gimnamhyeon-ui-MacBookAir.local" time="0.005">
  <properties/>
  <testcase name="selectOne(유저) 테스트" classname="com.example.user.mapper.UserDaoTest" time="0.005"/>
  <system-out><![CDATA[2022-11-07 23:05:28 INFO  [org.springframework.test.context.support.DefaultTestContextBootstrapper] - Loaded default TestExecutionListener class names from location [META-INF/spring.factories]: [org.springframework.test.context.web.ServletTestExecutionListener, org.springframework.test.context.support.DirtiesContextBeforeModesTestExecutionListener, org.springframework.test.context.event.ApplicationEventsTestExecutionListener, org.springframework.test.context.support.DependencyInjectionTestExecutionListener, org.springframework.test.context.support.DirtiesContextTestExecutionListener, org.springframework.test.context.transaction.TransactionalTestExecutionListener, org.springframework.test.context.jdbc.SqlScriptsTestExecutionListener, org.springframework.test.context.event.EventPublishingTestExecutionListener] 
2022-11-07 23:05:28 INFO  [org.springframework.test.context.support.DefaultTestContextBootstrapper] - Loaded default TestExecutionListener class names from location [META-INF/spring.factories]: [org.springframework.test.context.web.ServletTestExecutionListener, org.springframework.test.context.support.DirtiesContextBeforeModesTestExecutionListener, org.springframework.test.context.event.ApplicationEventsTestExecutionListener, org.springframework.test.context.support.DependencyInjectionTestExecutionListener, org.springframework.test.context.support.DirtiesContextTestExecutionListener, org.springframework.test.context.transaction.TransactionalTestExecutionListener, org.springframework.test.context.jdbc.SqlScriptsTestExecutionListener, org.springframework.test.context.event.EventPublishingTestExecutionListener] 
2022-11-07 23:05:28 INFO  [org.springframework.test.context.support.DefaultTestContextBootstrapper] - Using TestExecutionListeners: [org.springframework.test.context.support.DirtiesContextBeforeModesTestExecutionListener@df921b1, org.springframework.test.context.event.ApplicationEventsTestExecutionListener@4db60246, org.springframework.test.context.support.DependencyInjectionTestExecutionListener@2152ab30, org.springframework.test.context.support.DirtiesContextTestExecutionListener@3902bd2c, org.springframework.test.context.transaction.TransactionalTestExecutionListener@7d32e714, org.springframework.test.context.jdbc.SqlScriptsTestExecutionListener@eb6ec6, org.springframework.test.context.event.EventPublishingTestExecutionListener@34d45ec0] 
2022-11-07 23:05:28 INFO  [org.springframework.test.context.support.DefaultTestContextBootstrapper] - Using TestExecutionListeners: [org.springframework.test.context.support.DirtiesContextBeforeModesTestExecutionListener@df921b1, org.springframework.test.context.event.ApplicationEventsTestExecutionListener@4db60246, org.springframework.test.context.support.DependencyInjectionTestExecutionListener@2152ab30, org.springframework.test.context.support.DirtiesContextTestExecutionListener@3902bd2c, org.springframework.test.context.transaction.TransactionalTestExecutionListener@7d32e714, org.springframework.test.context.jdbc.SqlScriptsTestExecutionListener@eb6ec6, org.springframework.test.context.event.EventPublishingTestExecutionListener@34d45ec0] 
2022-11-07 23:05:28 DEBUG [jdbc.audit] - 1. Connection.getAutoCommit() returned true  com.zaxxer.hikari.pool.HikariProxyConnection.getAutoCommit(HikariProxyConnection.java:-1) 
2022-11-07 23:05:28 DEBUG [org.mariadb.jdbc.client.impl.StandardClient] - execute query: set autocommit=0 
2022-11-07 23:05:28 DEBUG [org.mariadb.jdbc.message.server.OkPacket] - System variable change:  autocommit = OFF 
2022-11-07 23:05:28 DEBUG [jdbc.audit] - 1. Connection.setAutoCommit(false) returned   com.zaxxer.hikari.pool.ProxyConnection.setAutoCommit(ProxyConnection.java:401) 
2022-11-07 23:05:28 INFO  [org.springframework.test.context.transaction.TransactionContext] - Began transaction (1) for test context [DefaultTestContext@727320fa testClass = UserDaoTest, testInstance = com.example.user.mapper.UserDaoTest@2935fd2c, testMethod = selectOneTest@UserDaoTest, testException = [null], mergedContextConfiguration = [MergedContextConfiguration@3f018494 testClass = UserDaoTest, locations = '{file:src/main/webapp/WEB-INF/spring/root-context.xml}', classes = '{}', contextInitializerClasses = '[]', activeProfiles = '{}', propertySourceLocations = '{}', propertySourceProperties = '{}', contextCustomizers = set[[empty]], contextLoader = 'org.springframework.test.context.support.DelegatingSmartContextLoader', parent = [null]], attributes = map['org.springframework.test.context.event.ApplicationEventsTestExecutionListener.recordApplicationEvents' -> false]]; transaction manager [org.springframework.jdbc.datasource.DataSourceTransactionManager@a66e580]; rollback [true] 
2022-11-07 23:05:28 INFO  [org.springframework.test.context.transaction.TransactionContext] - Began transaction (1) for test context [DefaultTestContext@727320fa testClass = UserDaoTest, testInstance = com.example.user.mapper.UserDaoTest@2935fd2c, testMethod = selectOneTest@UserDaoTest, testException = [null], mergedContextConfiguration = [MergedContextConfiguration@3f018494 testClass = UserDaoTest, locations = '{file:src/main/webapp/WEB-INF/spring/root-context.xml}', classes = '{}', contextInitializerClasses = '[]', activeProfiles = '{}', propertySourceLocations = '{}', propertySourceProperties = '{}', contextCustomizers = set[[empty]], contextLoader = 'org.springframework.test.context.support.DelegatingSmartContextLoader', parent = [null]], attributes = map['org.springframework.test.context.event.ApplicationEventsTestExecutionListener.recordApplicationEvents' -> false]]; transaction manager [org.springframework.jdbc.datasource.DataSourceTransactionManager@a66e580]; rollback [true] 
2022-11-07 23:05:28 DEBUG [org.mybatis.spring.SqlSessionUtils] - Creating a new SqlSession 
2022-11-07 23:05:28 DEBUG [org.mybatis.spring.SqlSessionUtils] - Registering transaction synchronization for SqlSession [org.apache.ibatis.session.defaults.DefaultSqlSession@3ce443f9] 
2022-11-07 23:05:28 DEBUG [jdbc.audit] - 1. Connection.getAutoCommit() returned false  com.zaxxer.hikari.pool.HikariProxyConnection.getAutoCommit(HikariProxyConnection.java:-1) 
2022-11-07 23:05:28 DEBUG [org.mybatis.spring.transaction.SpringManagedTransaction] - JDBC Connection [HikariProxyConnection@1369541409 wrapping net.sf.log4jdbc.sql.jdbcapi.ConnectionSpy@174e1b69] will be managed by Spring 
2022-11-07 23:05:28 DEBUG [com.example.user.dao.UserDao.selectOne] - ==>  Preparing: select * from user where id = ? 
2022-11-07 23:05:28 DEBUG [jdbc.audit] - 1. PreparedStatement.new PreparedStatement returned   com.zaxxer.hikari.pool.ProxyConnection.prepareStatement(ProxyConnection.java:327) 
2022-11-07 23:05:28 DEBUG [jdbc.audit] - 1. Connection.prepareStatement(select * from user where id = ?) returned net.sf.log4jdbc.sql.jdbcapi.PreparedStatementSpy@62b790a5  com.zaxxer.hikari.pool.ProxyConnection.prepareStatement(ProxyConnection.java:327) 
2022-11-07 23:05:28 DEBUG [jdbc.audit] - 1. PreparedStatement.setString(1, "user1") returned   com.zaxxer.hikari.pool.HikariProxyPreparedStatement.setString(HikariProxyPreparedStatement.java:-1) 
2022-11-07 23:05:28 DEBUG [com.example.user.dao.UserDao.selectOne] - ==> Parameters: user1(String) 
2022-11-07 23:05:28 DEBUG [jdbc.sqlonly] -  com.zaxxer.hikari.pool.ProxyPreparedStatement.execute(ProxyPreparedStatement.java:44)1. select * from user where id = 'user1'  
2022-11-07 23:05:28 DEBUG [org.mariadb.jdbc.client.impl.StandardClient] - execute query: select * from user where id = ? 
2022-11-07 23:05:28 DEBUG [jdbc.sqltiming] -  com.zaxxer.hikari.pool.ProxyPreparedStatement.execute(ProxyPreparedStatement.java:44)1. select * from user where id = 'user1'  {executed in 0 msec} 
2022-11-07 23:05:28 DEBUG [jdbc.audit] - 1. PreparedStatement.execute() returned true  com.zaxxer.hikari.pool.ProxyPreparedStatement.execute(ProxyPreparedStatement.java:44) 
2022-11-07 23:05:28 DEBUG [jdbc.resultset] - 1. ResultSet.new ResultSet returned   com.zaxxer.hikari.pool.ProxyStatement.getResultSet(ProxyStatement.java:213) 
2022-11-07 23:05:28 DEBUG [jdbc.audit] - 1. PreparedStatement.getResultSet() returned net.sf.log4jdbc.sql.jdbcapi.ResultSetSpy@7c52fc81  com.zaxxer.hikari.pool.ProxyStatement.getResultSet(ProxyStatement.java:213) 
2022-11-07 23:05:28 DEBUG [jdbc.resultset] - 1. ResultSet.getMetaData() returned org.mariadb.jdbc.client.result.ResultSetMetaData@7523a3dc  com.zaxxer.hikari.pool.HikariProxyResultSet.getMetaData(HikariProxyResultSet.java:-1) 
2022-11-07 23:05:28 DEBUG [jdbc.resultset] - 1. ResultSet.getType() returned 1003  com.zaxxer.hikari.pool.HikariProxyResultSet.getType(HikariProxyResultSet.java:-1) 
2022-11-07 23:05:28 DEBUG [jdbc.resultset] - 1. ResultSet.isClosed() returned false  com.zaxxer.hikari.pool.HikariProxyResultSet.isClosed(HikariProxyResultSet.java:-1) 
2022-11-07 23:05:28 DEBUG [jdbc.resultset] - 1. ResultSet.next() returned true  com.zaxxer.hikari.pool.HikariProxyResultSet.next(HikariProxyResultSet.java:-1) 
2022-11-07 23:05:28 DEBUG [jdbc.resultset] - 1. ResultSet.getString(id) returned user1  com.zaxxer.hikari.pool.HikariProxyResultSet.getString(HikariProxyResultSet.java:-1) 
2022-11-07 23:05:28 DEBUG [jdbc.resultset] - 1. ResultSet.getString(pwd) returned user1  com.zaxxer.hikari.pool.HikariProxyResultSet.getString(HikariProxyResultSet.java:-1) 
2022-11-07 23:05:28 DEBUG [jdbc.resultset] - 1. ResultSet.getString(name) returned user1이름  com.zaxxer.hikari.pool.HikariProxyResultSet.getString(HikariProxyResultSet.java:-1) 
2022-11-07 23:05:28 DEBUG [jdbc.resultset] - 1. ResultSet.getInt(pay_amount) returned 0  com.zaxxer.hikari.pool.HikariProxyResultSet.getInt(HikariProxyResultSet.java:-1) 
2022-11-07 23:05:28 DEBUG [jdbc.resultset] - 1. ResultSet.wasNull() returned false  com.zaxxer.hikari.pool.HikariProxyResultSet.wasNull(HikariProxyResultSet.java:-1) 
2022-11-07 23:05:28 DEBUG [jdbc.resultset] - 1. ResultSet.getTimestamp(regDate) returned 2022-11-04 15:47:31.0  com.zaxxer.hikari.pool.HikariProxyResultSet.getTimestamp(HikariProxyResultSet.java:-1) 
2022-11-07 23:05:28 DEBUG [jdbc.resultset] - 1. ResultSet.isClosed() returned false  com.zaxxer.hikari.pool.HikariProxyResultSet.isClosed(HikariProxyResultSet.java:-1) 
2022-11-07 23:05:28 INFO  [jdbc.resultsettable] - |------|------|--------|-----------|----------------------||id    |pwd   |name    |pay_amount |regdate               ||------|------|--------|-----------|----------------------||user1 |user1 |user1이름 |0          |2022-11-04 15:47:31.0 ||------|------|--------|-----------|----------------------| 
2022-11-07 23:05:28 DEBUG [jdbc.resultset] - 1. ResultSet.next() returned false  com.zaxxer.hikari.pool.HikariProxyResultSet.next(HikariProxyResultSet.java:-1) 
2022-11-07 23:05:28 DEBUG [com.example.user.dao.UserDao.selectOne] - <==      Total: 1 
2022-11-07 23:05:28 DEBUG [jdbc.resultset] - 1. ResultSet.close() returned void  com.zaxxer.hikari.pool.HikariProxyResultSet.close(HikariProxyResultSet.java:-1) 
2022-11-07 23:05:28 DEBUG [jdbc.audit] - 1. Connection.getMetaData() returned org.mariadb.jdbc.DatabaseMetaData@766a49c7  com.zaxxer.hikari.pool.ProxyConnection.getMetaData(ProxyConnection.java:370) 
2022-11-07 23:05:28 DEBUG [jdbc.audit] - 1. PreparedStatement.getMoreResults() returned false  com.zaxxer.hikari.pool.HikariProxyPreparedStatement.getMoreResults(HikariProxyPreparedStatement.java:-1) 
2022-11-07 23:05:28 DEBUG [jdbc.audit] - 1. PreparedStatement.getUpdateCount() returned -1  com.zaxxer.hikari.pool.HikariProxyPreparedStatement.getUpdateCount(HikariProxyPreparedStatement.java:-1) 
2022-11-07 23:05:28 DEBUG [jdbc.audit] - 1. PreparedStatement.close() returned   com.zaxxer.hikari.pool.ProxyStatement.close(ProxyStatement.java:75) 
2022-11-07 23:05:28 DEBUG [org.mybatis.spring.SqlSessionUtils] - Releasing transactional SqlSession [org.apache.ibatis.session.defaults.DefaultSqlSession@3ce443f9] 
2022-11-07 23:05:28 DEBUG [org.mybatis.spring.SqlSessionUtils] - Fetched SqlSession [org.apache.ibatis.session.defaults.DefaultSqlSession@3ce443f9] from current transaction 
2022-11-07 23:05:28 DEBUG [org.mybatis.spring.SqlSessionUtils] - Releasing transactional SqlSession [org.apache.ibatis.session.defaults.DefaultSqlSession@3ce443f9] 
2022-11-07 23:05:28 DEBUG [org.mybatis.spring.SqlSessionUtils] - Transaction synchronization deregistering SqlSession [org.apache.ibatis.session.defaults.DefaultSqlSession@3ce443f9] 
2022-11-07 23:05:28 DEBUG [org.mybatis.spring.SqlSessionUtils] - Transaction synchronization closing SqlSession [org.apache.ibatis.session.defaults.DefaultSqlSession@3ce443f9] 
2022-11-07 23:05:28 DEBUG [org.mariadb.jdbc.client.impl.StandardClient] - execute query: ROLLBACK 
2022-11-07 23:05:28 DEBUG [jdbc.audit] - 1. Connection.rollback() returned   com.zaxxer.hikari.pool.ProxyConnection.rollback(ProxyConnection.java:385) 
2022-11-07 23:05:28 DEBUG [org.mariadb.jdbc.client.impl.StandardClient] - execute query: set autocommit=1 
2022-11-07 23:05:28 DEBUG [org.mariadb.jdbc.message.server.OkPacket] - System variable change:  autocommit = ON 
2022-11-07 23:05:28 DEBUG [jdbc.audit] - 1. Connection.setAutoCommit(true) returned   com.zaxxer.hikari.pool.ProxyConnection.setAutoCommit(ProxyConnection.java:401) 
2022-11-07 23:05:28 DEBUG [jdbc.audit] - 1. Connection.clearWarnings() returned   com.zaxxer.hikari.pool.ProxyConnection.close(ProxyConnection.java:257) 
2022-11-07 23:05:28 INFO  [org.springframework.test.context.transaction.TransactionContext] - Rolled back transaction for test: [DefaultTestContext@727320fa testClass = UserDaoTest, testInstance = com.example.user.mapper.UserDaoTest@2935fd2c, testMethod = selectOneTest@UserDaoTest, testException = [null], mergedContextConfiguration = [MergedContextConfiguration@3f018494 testClass = UserDaoTest, locations = '{file:src/main/webapp/WEB-INF/spring/root-context.xml}', classes = '{}', contextInitializerClasses = '[]', activeProfiles = '{}', propertySourceLocations = '{}', propertySourceProperties = '{}', contextCustomizers = set[[empty]], contextLoader = 'org.springframework.test.context.support.DelegatingSmartContextLoader', parent = [null]], attributes = map['org.springframework.test.context.event.ApplicationEventsTestExecutionListener.recordApplicationEvents' -> false]] 
2022-11-07 23:05:28 INFO  [org.springframework.test.context.transaction.TransactionContext] - Rolled back transaction for test: [DefaultTestContext@727320fa testClass = UserDaoTest, testInstance = com.example.user.mapper.UserDaoTest@2935fd2c, testMethod = selectOneTest@UserDaoTest, testException = [null], mergedContextConfiguration = [MergedContextConfiguration@3f018494 testClass = UserDaoTest, locations = '{file:src/main/webapp/WEB-INF/spring/root-context.xml}', classes = '{}', contextInitializerClasses = '[]', activeProfiles = '{}', propertySourceLocations = '{}', propertySourceProperties = '{}', contextCustomizers = set[[empty]], contextLoader = 'org.springframework.test.context.support.DelegatingSmartContextLoader', parent = [null]], attributes = map['org.springframework.test.context.event.ApplicationEventsTestExecutionListener.recordApplicationEvents' -> false]] 
]]></system-out>
  <system-err><![CDATA[]]></system-err>
</testsuite>
